# JRE version: OpenJDK Runtime Environment (8.0_242-b01) (build 1.8.0_242-release-1644-b01)
# Java VM: OpenJDK 64-Bit Server VM (25.242-b01 mixed mode windows-amd64 compressed oops)
Heap:
 PSYoungGen      total 496640K, used 477113K [0x00000000d5580000, 0x00000000f7680000, 0x0000000100000000)
  eden space 474112K, 95% used [0x00000000d5580000,0x00000000f11bc278,0x00000000f2480000)
  from space 22528K, 98% used [0x00000000f6080000,0x00000000f7632490,0x00000000f7680000)
  to   space 28160K, 0% used [0x00000000f3f80000,0x00000000f3f80000,0x00000000f5b00000)
 ParOldGen       total 120320K, used 30357K [0x0000000080000000, 0x0000000087580000, 0x00000000d5580000)
  object space 120320K, 25% used [0x0000000080000000,0x0000000081da56b8,0x0000000087580000)
 Metaspace       used 81540K, capacity 85346K, committed 85528K, reserved 1124352K
  class space    used 10740K, capacity 11466K, committed 11568K, reserved 1048576K
GC Heap History (10 events):
Event: 8.737 GC heap before
{Heap before GC invocations=9 (full 2):
 PSYoungGen      total 276992K, used 10437K [0x00000000d5580000, 0x00000000ee600000, 0x0000000100000000)
  eden space 261120K, 0% used [0x00000000d5580000,0x00000000d5580000,0x00000000e5480000)
  from space 15872K, 65% used [0x00000000e5480000,0x00000000e5eb1510,0x00000000e6400000)
  to   space 15872K, 0% used [0x00000000ed680000,0x00000000ed680000,0x00000000ee600000)
 ParOldGen       total 57344K, used 8187K [0x0000000080000000, 0x0000000083800000, 0x00000000d5580000)
  object space 57344K, 14% used [0x0000000080000000,0x00000000807fee88,0x0000000083800000)
 Metaspace       used 34525K, capacity 35350K, committed 35496K, reserved 1079296K
  class space    used 4709K, capacity 4922K, committed 5040K, reserved 1048576K
Event: 8.804 GC heap after
Heap after GC invocations=9 (full 2):
 PSYoungGen      total 276992K, used 0K [0x00000000d5580000, 0x00000000ee600000, 0x0000000100000000)
  eden space 261120K, 0% used [0x00000000d5580000,0x00000000d5580000,0x00000000e5480000)
  from space 15872K, 0% used [0x00000000e5480000,0x00000000e5480000,0x00000000e6400000)
  to   space 15872K, 0% used [0x00000000ed680000,0x00000000ed680000,0x00000000ee600000)
 ParOldGen       total 84480K, used 16621K [0x0000000080000000, 0x0000000085280000, 0x00000000d5580000)
  object space 84480K, 19% used [0x0000000080000000,0x000000008103b7b0,0x0000000085280000)
 Metaspace       used 34525K, capacity 35350K, committed 35496K, reserved 1079296K
  class space    used 4709K, capacity 4922K, committed 5040K, reserved 1048576K
}
Event: 14.709 GC heap before
{Heap before GC invocations=10 (full 2):
 PSYoungGen      total 276992K, used 261120K [0x00000000d5580000, 0x00000000ee600000, 0x0000000100000000)
  eden space 261120K, 100% used [0x00000000d5580000,0x00000000e5480000,0x00000000e5480000)
  from space 15872K, 0% used [0x00000000e5480000,0x00000000e5480000,0x00000000e6400000)
  to   space 15872K, 0% used [0x00000000ed680000,0x00000000ed680000,0x00000000ee600000)
 ParOldGen       total 84480K, used 16621K [0x0000000080000000, 0x0000000085280000, 0x00000000d5580000)
  object space 84480K, 19% used [0x0000000080000000,0x000000008103b7b0,0x0000000085280000)
 Metaspace       used 55935K, capacity 57936K, committed 58024K, reserved 1099776K
  class space    used 7579K, capacity 8049K, committed 8112K, reserved 1048576K
Event: 14.733 GC heap after
Heap after GC invocations=10 (full 2):
 PSYoungGen      total 385536K, used 15868K [0x00000000d5580000, 0x00000000f0600000, 0x0000000100000000)
  eden space 369664K, 0% used [0x00000000d5580000,0x00000000d5580000,0x00000000ebe80000)
  from space 15872K, 99% used [0x00000000ed680000,0x00000000ee5ff340,0x00000000ee600000)
  to   space 24576K, 0% used [0x00000000ebe80000,0x00000000ebe80000,0x00000000ed680000)
 ParOldGen       total 84480K, used 31023K [0x0000000080000000, 0x0000000085280000, 0x00000000d5580000)
  object space 84480K, 36% used [0x0000000080000000,0x0000000081e4bcd8,0x0000000085280000)
 Metaspace       used 55935K, capacity 57936K, committed 58024K, reserved 1099776K
  class space    used 7579K, capacity 8049K, committed 8112K, reserved 1048576K
}
Event: 15.060 GC heap before
{Heap before GC invocations=11 (full 2):
 PSYoungGen      total 385536K, used 41500K [0x00000000d5580000, 0x00000000f0600000, 0x0000000100000000)
  eden space 369664K, 6% used [0x00000000d5580000,0x00000000d6e88068,0x00000000ebe80000)
  from space 15872K, 99% used [0x00000000ed680000,0x00000000ee5ff340,0x00000000ee600000)
  to   space 24576K, 0% used [0x00000000ebe80000,0x00000000ebe80000,0x00000000ed680000)
 ParOldGen       total 84480K, used 31023K [0x0000000080000000, 0x0000000085280000, 0x00000000d5580000)
  object space 84480K, 36% used [0x0000000080000000,0x0000000081e4bcd8,0x0000000085280000)
 Metaspace       used 57089K, capacity 59074K, committed 59160K, reserved 1099776K
  class space    used 7752K, capacity 8208K, committed 8240K, reserved 1048576K
Event: 15.077 GC heap after
Heap after GC invocations=11 (full 2):
 PSYoungGen      total 394240K, used 16956K [0x00000000d5580000, 0x00000000f7980000, 0x0000000100000000)
  eden space 369664K, 0% used [0x00000000d5580000,0x00000000d5580000,0x00000000ebe80000)
  from space 24576K, 68% used [0x00000000ebe80000,0x00000000ecf0f340,0x00000000ed680000)
  to   space 25600K, 0% used [0x00000000f6080000,0x00000000f6080000,0x00000000f7980000)
 ParOldGen       total 84480K, used 31031K [0x0000000080000000, 0x0000000085280000, 0x00000000d5580000)
  object space 84480K, 36% used [0x0000000080000000,0x0000000081e4dcd8,0x0000000085280000)
 Metaspace       used 57089K, capacity 59074K, committed 59160K, reserved 1099776K
  class space    used 7752K, capacity 8208K, committed 8240K, reserved 1048576K
}
Event: 15.077 GC heap before
{Heap before GC invocations=12 (full 3):
 PSYoungGen      total 394240K, used 16956K [0x00000000d5580000, 0x00000000f7980000, 0x0000000100000000)
  eden space 369664K, 0% used [0x00000000d5580000,0x00000000d5580000,0x00000000ebe80000)
  from space 24576K, 68% used [0x00000000ebe80000,0x00000000ecf0f340,0x00000000ed680000)
  to   space 25600K, 0% used [0x00000000f6080000,0x00000000f6080000,0x00000000f7980000)
 ParOldGen       total 84480K, used 31031K [0x0000000080000000, 0x0000000085280000, 0x00000000d5580000)
  object space 84480K, 36% used [0x0000000080000000,0x0000000081e4dcd8,0x0000000085280000)
 Metaspace       used 57089K, capacity 59074K, committed 59160K, reserved 1099776K
  class space    used 7752K, capacity 8208K, committed 8240K, reserved 1048576K
Event: 15.277 GC heap after
Heap after GC invocations=12 (full 3):
 PSYoungGen      total 394240K, used 0K [0x00000000d5580000, 0x00000000f7980000, 0x0000000100000000)
  eden space 369664K, 0% used [0x00000000d5580000,0x00000000d5580000,0x00000000ebe80000)
  from space 24576K, 0% used [0x00000000ebe80000,0x00000000ebe80000,0x00000000ed680000)
  to   space 25600K, 0% used [0x00000000f6080000,0x00000000f6080000,0x00000000f7980000)
 ParOldGen       total 120320K, used 30349K [0x0000000080000000, 0x0000000087580000, 0x00000000d5580000)
  object space 120320K, 25% used [0x0000000080000000,0x0000000081da36b8,0x0000000087580000)
 Metaspace       used 57049K, capacity 58936K, committed 59160K, reserved 1099776K
  class space    used 7740K, capacity 8185K, committed 8240K, reserved 1048576K
}
Event: 23.919 GC heap before
{Heap before GC invocations=13 (full 3):
 PSYoungGen      total 394240K, used 369664K [0x00000000d5580000, 0x00000000f7980000, 0x0000000100000000)
  eden space 369664K, 100% used [0x00000000d5580000,0x00000000ebe80000,0x00000000ebe80000)
  from space 24576K, 0% used [0x00000000ebe80000,0x00000000ebe80000,0x00000000ed680000)
  to   space 25600K, 0% used [0x00000000f6080000,0x00000000f6080000,0x00000000f7980000)
 ParOldGen       total 120320K, used 30349K [0x0000000080000000, 0x0000000087580000, 0x00000000d5580000)
  object space 120320K, 25% used [0x0000000080000000,0x0000000081da36b8,0x0000000087580000)
 Metaspace       used 70427K, capacity 73808K, committed 74008K, reserved 1114112K
  class space    used 9590K, capacity 10235K, committed 10288K, reserved 1048576K
Event: 23.939 GC heap after
Heap after GC invocations=13 (full 3):
 PSYoungGen      total 496640K, used 22217K [0x00000000d5580000, 0x00000000f7680000, 0x0000000100000000)
  eden space 474112K, 0% used [0x00000000d5580000,0x00000000d5580000,0x00000000f2480000)
  from space 22528K, 98% used [0x00000000f6080000,0x00000000f7632490,0x00000000f7680000)
  to   space 28160K, 0% used [0x00000000f3f80000,0x00000000f3f80000,0x00000000f5b00000)
 ParOldGen       total 120320K, used 30357K [0x0000000080000000, 0x0000000087580000, 0x00000000d5580000)
  object space 120320K, 25% used [0x0000000080000000,0x0000000081da56b8,0x0000000087580000)
 Metaspace       used 70427K, capacity 73808K, committed 74008K, reserved 1114112K
  class space    used 9590K, capacity 10235K, committed 10288K, reserved 1048576K
}

