# JRE version: OpenJDK Runtime Environment (8.0_242-b01) (build 1.8.0_242-release-1644-b01)
# Java VM: OpenJDK 64-Bit Server VM (25.242-b01 mixed mode windows-amd64 compressed oops)
Heap:
 PSYoungGen      total 76800K, used 68947K [0x00000000d5580000, 0x00000000dac80000, 0x0000000100000000)
  eden space 65536K, 92% used [0x00000000d5580000,0x00000000d9080060,0x00000000d9580000)
  from space 11264K, 75% used [0x00000000d9580000,0x00000000d9dd4ea8,0x00000000da080000)
  to   space 10240K, 0% used [0x00000000da080000,0x00000000da080000,0x00000000daa80000)
 ParOldGen       total 59392K, used 9183K [0x0000000080000000, 0x0000000083a00000, 0x00000000d5580000)
  object space 59392K, 15% used [0x0000000080000000,0x00000000808f7eb0,0x0000000083a00000)
 Metaspace       used 31955K, capacity 32636K, committed 32816K, reserved 1077248K
  class space    used 4354K, capacity 4578K, committed 4656K, reserved 1048576K
GC Heap History (10 events):
Event: 2.307 GC heap before
{Heap before GC invocations=4 (full 0):
 PSYoungGen      total 38400K, used 38400K [0x00000000d5580000, 0x00000000d8000000, 0x0000000100000000)
  eden space 33280K, 100% used [0x00000000d5580000,0x00000000d7600000,0x00000000d7600000)
  from space 5120K, 100% used [0x00000000d7600000,0x00000000d7b00000,0x00000000d7b00000)
  to   space 5120K, 0% used [0x00000000d7b00000,0x00000000d7b00000,0x00000000d8000000)
 ParOldGen       total 87552K, used 1396K [0x0000000080000000, 0x0000000085580000, 0x00000000d5580000)
  object space 87552K, 1% used [0x0000000080000000,0x000000008015d0c0,0x0000000085580000)
 Metaspace       used 15394K, capacity 15834K, committed 16128K, reserved 1062912K
  class space    used 2063K, capacity 2223K, committed 2304K, reserved 1048576K
Event: 2.314 GC heap after
Heap after GC invocations=4 (full 0):
 PSYoungGen      total 38400K, used 5104K [0x00000000d5580000, 0x00000000da080000, 0x0000000100000000)
  eden space 33280K, 0% used [0x00000000d5580000,0x00000000d5580000,0x00000000d7600000)
  from space 5120K, 99% used [0x00000000d7b00000,0x00000000d7ffc010,0x00000000d8000000)
  to   space 5120K, 0% used [0x00000000d7600000,0x00000000d7600000,0x00000000d7b00000)
 ParOldGen       total 87552K, used 4042K [0x0000000080000000, 0x0000000085580000, 0x00000000d5580000)
  object space 87552K, 4% used [0x0000000080000000,0x00000000803f2b90,0x0000000085580000)
 Metaspace       used 15394K, capacity 15834K, committed 16128K, reserved 1062912K
  class space    used 2063K, capacity 2223K, committed 2304K, reserved 1048576K
}
Event: 2.599 GC heap before
{Heap before GC invocations=5 (full 0):
 PSYoungGen      total 38400K, used 38384K [0x00000000d5580000, 0x00000000da080000, 0x0000000100000000)
  eden space 33280K, 100% used [0x00000000d5580000,0x00000000d7600000,0x00000000d7600000)
  from space 5120K, 99% used [0x00000000d7b00000,0x00000000d7ffc010,0x00000000d8000000)
  to   space 5120K, 0% used [0x00000000d7600000,0x00000000d7600000,0x00000000d7b00000)
 ParOldGen       total 87552K, used 4042K [0x0000000080000000, 0x0000000085580000, 0x00000000d5580000)
  object space 87552K, 4% used [0x0000000080000000,0x00000000803f2b90,0x0000000085580000)
 Metaspace       used 18143K, capacity 18662K, committed 18816K, reserved 1064960K
  class space    used 2497K, capacity 2671K, committed 2688K, reserved 1048576K
Event: 2.608 GC heap after
Heap after GC invocations=5 (full 0):
 PSYoungGen      total 38400K, used 5104K [0x00000000d5580000, 0x00000000daa80000, 0x0000000100000000)
  eden space 33280K, 0% used [0x00000000d5580000,0x00000000d5580000,0x00000000d7600000)
  from space 5120K, 99% used [0x00000000d7600000,0x00000000d7afc010,0x00000000d7b00000)
  to   space 10240K, 0% used [0x00000000da080000,0x00000000da080000,0x00000000daa80000)
 ParOldGen       total 87552K, used 7380K [0x0000000080000000, 0x0000000085580000, 0x00000000d5580000)
  object space 87552K, 8% used [0x0000000080000000,0x00000000807351c0,0x0000000085580000)
 Metaspace       used 18143K, capacity 18662K, committed 18816K, reserved 1064960K
  class space    used 2497K, capacity 2671K, committed 2688K, reserved 1048576K
}
Event: 3.560 GC heap before
{Heap before GC invocations=6 (full 0):
 PSYoungGen      total 38400K, used 38095K [0x00000000d5580000, 0x00000000daa80000, 0x0000000100000000)
  eden space 33280K, 99% used [0x00000000d5580000,0x00000000d75b7fd0,0x00000000d7600000)
  from space 5120K, 99% used [0x00000000d7600000,0x00000000d7afc010,0x00000000d7b00000)
  to   space 10240K, 0% used [0x00000000da080000,0x00000000da080000,0x00000000daa80000)
 ParOldGen       total 87552K, used 7380K [0x0000000080000000, 0x0000000085580000, 0x00000000d5580000)
  object space 87552K, 8% used [0x0000000080000000,0x00000000807351c0,0x0000000085580000)
 Metaspace       used 20707K, capacity 21268K, committed 21296K, reserved 1067008K
  class space    used 2906K, capacity 3120K, committed 3120K, reserved 1048576K
Event: 3.567 GC heap after
Heap after GC invocations=6 (full 0):
 PSYoungGen      total 75776K, used 8605K [0x00000000d5580000, 0x00000000dac80000, 0x0000000100000000)
  eden space 65536K, 0% used [0x00000000d5580000,0x00000000d5580000,0x00000000d9580000)
  from space 10240K, 84% used [0x00000000da080000,0x00000000da8e77a8,0x00000000daa80000)
  to   space 11264K, 0% used [0x00000000d9580000,0x00000000d9580000,0x00000000da080000)
 ParOldGen       total 87552K, used 7388K [0x0000000080000000, 0x0000000085580000, 0x00000000d5580000)
  object space 87552K, 8% used [0x0000000080000000,0x00000000807371c0,0x0000000085580000)
 Metaspace       used 20707K, capacity 21268K, committed 21296K, reserved 1067008K
  class space    used 2906K, capacity 3120K, committed 3120K, reserved 1048576K
}
Event: 3.567 GC heap before
{Heap before GC invocations=7 (full 1):
 PSYoungGen      total 75776K, used 8605K [0x00000000d5580000, 0x00000000dac80000, 0x0000000100000000)
  eden space 65536K, 0% used [0x00000000d5580000,0x00000000d5580000,0x00000000d9580000)
  from space 10240K, 84% used [0x00000000da080000,0x00000000da8e77a8,0x00000000daa80000)
  to   space 11264K, 0% used [0x00000000d9580000,0x00000000d9580000,0x00000000da080000)
 ParOldGen       total 87552K, used 7388K [0x0000000080000000, 0x0000000085580000, 0x00000000d5580000)
  object space 87552K, 8% used [0x0000000080000000,0x00000000807371c0,0x0000000085580000)
 Metaspace       used 20707K, capacity 21268K, committed 21296K, reserved 1067008K
  class space    used 2906K, capacity 3120K, committed 3120K, reserved 1048576K
Event: 3.596 GC heap after
Heap after GC invocations=7 (full 1):
 PSYoungGen      total 75776K, used 0K [0x00000000d5580000, 0x00000000dac80000, 0x0000000100000000)
  eden space 65536K, 0% used [0x00000000d5580000,0x00000000d5580000,0x00000000d9580000)
  from space 10240K, 0% used [0x00000000da080000,0x00000000da080000,0x00000000daa80000)
  to   space 11264K, 0% used [0x00000000d9580000,0x00000000d9580000,0x00000000da080000)
 ParOldGen       total 59392K, used 9175K [0x0000000080000000, 0x0000000083a00000, 0x00000000d5580000)
  object space 59392K, 15% used [0x0000000080000000,0x00000000808f5eb0,0x0000000083a00000)
 Metaspace       used 20707K, capacity 21268K, committed 21296K, reserved 1067008K
  class space    used 2906K, capacity 3120K, committed 3120K, reserved 1048576K
}
Event: 4.156 GC heap before
{Heap before GC invocations=8 (full 1):
 PSYoungGen      total 75776K, used 65134K [0x00000000d5580000, 0x00000000dac80000, 0x0000000100000000)
  eden space 65536K, 99% used [0x00000000d5580000,0x00000000d951bbc0,0x00000000d9580000)
  from space 10240K, 0% used [0x00000000da080000,0x00000000da080000,0x00000000daa80000)
  to   space 11264K, 0% used [0x00000000d9580000,0x00000000d9580000,0x00000000da080000)
 ParOldGen       total 59392K, used 9175K [0x0000000080000000, 0x0000000083a00000, 0x00000000d5580000)
  object space 59392K, 15% used [0x0000000080000000,0x00000000808f5eb0,0x0000000083a00000)
 Metaspace       used 28209K, capacity 28860K, committed 28976K, reserved 1075200K
  class space    used 3898K, capacity 4131K, committed 4144K, reserved 1048576K
Event: 4.164 GC heap after
Heap after GC invocations=8 (full 1):
 PSYoungGen      total 76800K, used 8531K [0x00000000d5580000, 0x00000000dac80000, 0x0000000100000000)
  eden space 65536K, 0% used [0x00000000d5580000,0x00000000d5580000,0x00000000d9580000)
  from space 11264K, 75% used [0x00000000d9580000,0x00000000d9dd4ea8,0x00000000da080000)
  to   space 10240K, 0% used [0x00000000da080000,0x00000000da080000,0x00000000daa80000)
 ParOldGen       total 59392K, used 9183K [0x0000000080000000, 0x0000000083a00000, 0x00000000d5580000)
  object space 59392K, 15% used [0x0000000080000000,0x00000000808f7eb0,0x0000000083a00000)
 Metaspace       used 28209K, capacity 28860K, committed 28976K, reserved 1075200K
  class space    used 3898K, capacity 4131K, committed 4144K, reserved 1048576K
}

