# JRE version: OpenJDK Runtime Environment (8.0_242-b01) (build 1.8.0_242-release-1644-b01)
# Java VM: OpenJDK 64-Bit Server VM (25.242-b01 mixed mode windows-amd64 compressed oops)
Heap:
 PSYoungGen      total 194560K, used 126907K [0x00000000d5580000, 0x00000000e2b80000, 0x0000000100000000)
  eden space 180736K, 62% used [0x00000000d5580000,0x00000000dc3f1228,0x00000000e0600000)
  from space 13824K, 99% used [0x00000000e1e00000,0x00000000e2b7da00,0x00000000e2b80000)
  to   space 15872K, 0% used [0x00000000e0c80000,0x00000000e0c80000,0x00000000e1c00000)
 ParOldGen       total 49152K, used 20816K [0x0000000080000000, 0x0000000083000000, 0x00000000d5580000)
  object space 49152K, 42% used [0x0000000080000000,0x0000000081454320,0x0000000083000000)
 Metaspace       used 54748K, capacity 56656K, committed 56752K, reserved 1097728K
  class space    used 7414K, capacity 7849K, committed 7856K, reserved 1048576K
GC Heap History (10 events):
Event: 2.878 GC heap before
{Heap before GC invocations=8 (full 1):
 PSYoungGen      total 76800K, used 3700K [0x00000000d5580000, 0x00000000deb80000, 0x0000000100000000)
  eden space 66048K, 0% used [0x00000000d5580000,0x00000000d5580000,0x00000000d9600000)
  from space 10752K, 34% used [0x00000000d9600000,0x00000000d999d040,0x00000000da080000)
  to   space 10752K, 0% used [0x00000000de100000,0x00000000de100000,0x00000000deb80000)
 ParOldGen       total 87552K, used 9693K [0x0000000080000000, 0x0000000085580000, 0x00000000d5580000)
  object space 87552K, 11% used [0x0000000080000000,0x00000000809775b8,0x0000000085580000)
 Metaspace       used 20634K, capacity 21186K, committed 21296K, reserved 1067008K
  class space    used 2902K, capacity 3091K, committed 3120K, reserved 1048576K
Event: 2.905 GC heap after
Heap after GC invocations=8 (full 1):
 PSYoungGen      total 76800K, used 0K [0x00000000d5580000, 0x00000000deb80000, 0x0000000100000000)
  eden space 66048K, 0% used [0x00000000d5580000,0x00000000d5580000,0x00000000d9600000)
  from space 10752K, 0% used [0x00000000d9600000,0x00000000d9600000,0x00000000da080000)
  to   space 10752K, 0% used [0x00000000de100000,0x00000000de100000,0x00000000deb80000)
 ParOldGen       total 49152K, used 8450K [0x0000000080000000, 0x0000000083000000, 0x00000000d5580000)
  object space 49152K, 17% used [0x0000000080000000,0x0000000080840970,0x0000000083000000)
 Metaspace       used 20634K, capacity 21186K, committed 21296K, reserved 1067008K
  class space    used 2902K, capacity 3091K, committed 3120K, reserved 1048576K
}
Event: 3.497 GC heap before
{Heap before GC invocations=9 (full 1):
 PSYoungGen      total 76800K, used 66048K [0x00000000d5580000, 0x00000000deb80000, 0x0000000100000000)
  eden space 66048K, 100% used [0x00000000d5580000,0x00000000d9600000,0x00000000d9600000)
  from space 10752K, 0% used [0x00000000d9600000,0x00000000d9600000,0x00000000da080000)
  to   space 10752K, 0% used [0x00000000de100000,0x00000000de100000,0x00000000deb80000)
 ParOldGen       total 49152K, used 8450K [0x0000000080000000, 0x0000000083000000, 0x00000000d5580000)
  object space 49152K, 17% used [0x0000000080000000,0x0000000080840970,0x0000000083000000)
 Metaspace       used 28768K, capacity 29392K, committed 29744K, reserved 1075200K
  class space    used 3853K, capacity 4071K, committed 4144K, reserved 1048576K
Event: 3.505 GC heap after
Heap after GC invocations=9 (full 1):
 PSYoungGen      total 133632K, used 8064K [0x00000000d5580000, 0x00000000de900000, 0x0000000100000000)
  eden space 125440K, 0% used [0x00000000d5580000,0x00000000d5580000,0x00000000dd000000)
  from space 8192K, 98% used [0x00000000de100000,0x00000000de8e0230,0x00000000de900000)
  to   space 11264K, 0% used [0x00000000dd300000,0x00000000dd300000,0x00000000dde00000)
 ParOldGen       total 49152K, used 8458K [0x0000000080000000, 0x0000000083000000, 0x00000000d5580000)
  object space 49152K, 17% used [0x0000000080000000,0x0000000080842970,0x0000000083000000)
 Metaspace       used 28768K, capacity 29392K, committed 29744K, reserved 1075200K
  class space    used 3853K, capacity 4071K, committed 4144K, reserved 1048576K
}
Event: 4.551 GC heap before
{Heap before GC invocations=10 (full 1):
 PSYoungGen      total 133632K, used 129645K [0x00000000d5580000, 0x00000000de900000, 0x0000000100000000)
  eden space 125440K, 96% used [0x00000000d5580000,0x00000000dcc3b318,0x00000000dd000000)
  from space 8192K, 98% used [0x00000000de100000,0x00000000de8e0230,0x00000000de900000)
  to   space 11264K, 0% used [0x00000000dd300000,0x00000000dd300000,0x00000000dde00000)
 ParOldGen       total 49152K, used 8458K [0x0000000080000000, 0x0000000083000000, 0x00000000d5580000)
  object space 49152K, 17% used [0x0000000080000000,0x0000000080842970,0x0000000083000000)
 Metaspace       used 34501K, capacity 35344K, committed 35496K, reserved 1079296K
  class space    used 4709K, capacity 4921K, committed 5040K, reserved 1048576K
Event: 4.563 GC heap after
Heap after GC invocations=10 (full 1):
 PSYoungGen      total 139776K, used 11237K [0x00000000d5580000, 0x00000000e2b80000, 0x0000000100000000)
  eden space 128512K, 0% used [0x00000000d5580000,0x00000000d5580000,0x00000000dd300000)
  from space 11264K, 99% used [0x00000000dd300000,0x00000000dddf94e8,0x00000000dde00000)
  to   space 13824K, 0% used [0x00000000e1e00000,0x00000000e1e00000,0x00000000e2b80000)
 ParOldGen       total 49152K, used 10574K [0x0000000080000000, 0x0000000083000000, 0x00000000d5580000)
  object space 49152K, 21% used [0x0000000080000000,0x0000000080a53b40,0x0000000083000000)
 Metaspace       used 34501K, capacity 35344K, committed 35496K, reserved 1079296K
  class space    used 4709K, capacity 4921K, committed 5040K, reserved 1048576K
}
Event: 4.563 GC heap before
{Heap before GC invocations=11 (full 2):
 PSYoungGen      total 139776K, used 11237K [0x00000000d5580000, 0x00000000e2b80000, 0x0000000100000000)
  eden space 128512K, 0% used [0x00000000d5580000,0x00000000d5580000,0x00000000dd300000)
  from space 11264K, 99% used [0x00000000dd300000,0x00000000dddf94e8,0x00000000dde00000)
  to   space 13824K, 0% used [0x00000000e1e00000,0x00000000e1e00000,0x00000000e2b80000)
 ParOldGen       total 49152K, used 10574K [0x0000000080000000, 0x0000000083000000, 0x00000000d5580000)
  object space 49152K, 21% used [0x0000000080000000,0x0000000080a53b40,0x0000000083000000)
 Metaspace       used 34501K, capacity 35344K, committed 35496K, reserved 1079296K
  class space    used 4709K, capacity 4921K, committed 5040K, reserved 1048576K
Event: 4.632 GC heap after
Heap after GC invocations=11 (full 2):
 PSYoungGen      total 139776K, used 0K [0x00000000d5580000, 0x00000000e2b80000, 0x0000000100000000)
  eden space 128512K, 0% used [0x00000000d5580000,0x00000000d5580000,0x00000000dd300000)
  from space 11264K, 0% used [0x00000000dd300000,0x00000000dd300000,0x00000000dde00000)
  to   space 13824K, 0% used [0x00000000e1e00000,0x00000000e1e00000,0x00000000e2b80000)
 ParOldGen       total 49152K, used 19424K [0x0000000080000000, 0x0000000083000000, 0x00000000d5580000)
  object space 49152K, 39% used [0x0000000080000000,0x00000000812f8198,0x0000000083000000)
 Metaspace       used 34501K, capacity 35344K, committed 35496K, reserved 1079296K
  class space    used 4709K, capacity 4921K, committed 5040K, reserved 1048576K
}
Event: 5.771 GC heap before
{Heap before GC invocations=12 (full 2):
 PSYoungGen      total 139776K, used 128512K [0x00000000d5580000, 0x00000000e2b80000, 0x0000000100000000)
  eden space 128512K, 100% used [0x00000000d5580000,0x00000000dd300000,0x00000000dd300000)
  from space 11264K, 0% used [0x00000000dd300000,0x00000000dd300000,0x00000000dde00000)
  to   space 13824K, 0% used [0x00000000e1e00000,0x00000000e1e00000,0x00000000e2b80000)
 ParOldGen       total 49152K, used 19424K [0x0000000080000000, 0x0000000083000000, 0x00000000d5580000)
  object space 49152K, 39% used [0x0000000080000000,0x00000000812f8198,0x0000000083000000)
 Metaspace       used 45301K, capacity 46746K, committed 46896K, reserved 1089536K
  class space    used 6117K, capacity 6411K, committed 6448K, reserved 1048576K
Event: 5.782 GC heap after
Heap after GC invocations=12 (full 2):
 PSYoungGen      total 194560K, used 13814K [0x00000000d5580000, 0x00000000e2b80000, 0x0000000100000000)
  eden space 180736K, 0% used [0x00000000d5580000,0x00000000d5580000,0x00000000e0600000)
  from space 13824K, 99% used [0x00000000e1e00000,0x00000000e2b7da00,0x00000000e2b80000)
  to   space 15872K, 0% used [0x00000000e0c80000,0x00000000e0c80000,0x00000000e1c00000)
 ParOldGen       total 49152K, used 20816K [0x0000000080000000, 0x0000000083000000, 0x00000000d5580000)
  object space 49152K, 42% used [0x0000000080000000,0x0000000081454320,0x0000000083000000)
 Metaspace       used 45301K, capacity 46746K, committed 46896K, reserved 1089536K
  class space    used 6117K, capacity 6411K, committed 6448K, reserved 1048576K
}

