# JRE version: OpenJDK Runtime Environment (8.0_242-b01) (build 1.8.0_242-release-1644-b01)
# Java VM: OpenJDK 64-Bit Server VM (25.242-b01 mixed mode windows-amd64 compressed oops)
Heap:
 PSYoungGen      total 298496K, used 76401K [0x00000000d5580000, 0x00000000ed980000, 0x0000000100000000)
  eden space 268800K, 28% used [0x00000000d5580000,0x00000000da01c768,0x00000000e5c00000)
  from space 29696K, 0% used [0x00000000e8e00000,0x00000000e8e00000,0x00000000eab00000)
  to   space 51200K, 0% used [0x00000000e5c00000,0x00000000e5c00000,0x00000000e8e00000)
 ParOldGen       total 206848K, used 98285K [0x0000000080000000, 0x000000008ca00000, 0x00000000d5580000)
  object space 206848K, 47% used [0x0000000080000000,0x0000000085ffb558,0x000000008ca00000)
 Metaspace       used 83864K, capacity 87626K, committed 88856K, reserved 1126400K
  class space    used 11315K, capacity 12032K, committed 12336K, reserved 1048576K
GC Heap History (10 events):
Event: 6.923 GC heap before
{Heap before GC invocations=14 (full 3):
 PSYoungGen      total 202240K, used 15856K [0x00000000d5580000, 0x00000000e6a00000, 0x0000000100000000)
  eden space 186368K, 0% used [0x00000000d5580000,0x00000000d5580000,0x00000000e0b80000)
  from space 15872K, 99% used [0x00000000e0b80000,0x00000000e1afc240,0x00000000e1b00000)
  to   space 21504K, 0% used [0x00000000e5500000,0x00000000e5500000,0x00000000e6a00000)
 ParOldGen       total 72192K, used 30115K [0x0000000080000000, 0x0000000084680000, 0x00000000d5580000)
  object space 72192K, 41% used [0x0000000080000000,0x0000000081d68cb8,0x0000000084680000)
 Metaspace       used 57096K, capacity 59052K, committed 59160K, reserved 1099776K
  class space    used 7746K, capacity 8179K, committed 8240K, reserved 1048576K
Event: 7.104 GC heap after
Heap after GC invocations=14 (full 3):
 PSYoungGen      total 202240K, used 0K [0x00000000d5580000, 0x00000000e6a00000, 0x0000000100000000)
  eden space 186368K, 0% used [0x00000000d5580000,0x00000000d5580000,0x00000000e0b80000)
  from space 15872K, 0% used [0x00000000e0b80000,0x00000000e0b80000,0x00000000e1b00000)
  to   space 21504K, 0% used [0x00000000e5500000,0x00000000e5500000,0x00000000e6a00000)
 ParOldGen       total 108032K, used 37969K [0x0000000080000000, 0x0000000086980000, 0x00000000d5580000)
  object space 108032K, 35% used [0x0000000080000000,0x00000000825147a8,0x0000000086980000)
 Metaspace       used 57071K, capacity 58968K, committed 59160K, reserved 1099776K
  class space    used 7738K, capacity 8165K, committed 8240K, reserved 1048576K
}
Event: 9.317 GC heap before
{Heap before GC invocations=15 (full 3):
 PSYoungGen      total 202240K, used 186368K [0x00000000d5580000, 0x00000000e6a00000, 0x0000000100000000)
  eden space 186368K, 100% used [0x00000000d5580000,0x00000000e0b80000,0x00000000e0b80000)
  from space 15872K, 0% used [0x00000000e0b80000,0x00000000e0b80000,0x00000000e1b00000)
  to   space 21504K, 0% used [0x00000000e5500000,0x00000000e5500000,0x00000000e6a00000)
 ParOldGen       total 108032K, used 37969K [0x0000000080000000, 0x0000000086980000, 0x00000000d5580000)
  object space 108032K, 35% used [0x0000000080000000,0x00000000825147a8,0x0000000086980000)
 Metaspace       used 64485K, capacity 67508K, committed 67608K, reserved 1107968K
  class space    used 8877K, capacity 9477K, committed 9520K, reserved 1048576K
Event: 9.334 GC heap after
Heap after GC invocations=15 (full 3):
 PSYoungGen      total 256512K, used 16848K [0x00000000d5580000, 0x00000000e6900000, 0x0000000100000000)
  eden space 236032K, 0% used [0x00000000d5580000,0x00000000d5580000,0x00000000e3c00000)
  from space 20480K, 82% used [0x00000000e5500000,0x00000000e6574128,0x00000000e6900000)
  to   space 23040K, 0% used [0x00000000e3c00000,0x00000000e3c00000,0x00000000e5280000)
 ParOldGen       total 108032K, used 37977K [0x0000000080000000, 0x0000000086980000, 0x00000000d5580000)
  object space 108032K, 35% used [0x0000000080000000,0x00000000825167a8,0x0000000086980000)
 Metaspace       used 64485K, capacity 67508K, committed 67608K, reserved 1107968K
  class space    used 8877K, capacity 9477K, committed 9520K, reserved 1048576K
}
Event: 18.819 GC heap before
{Heap before GC invocations=16 (full 3):
 PSYoungGen      total 256512K, used 252880K [0x00000000d5580000, 0x00000000e6900000, 0x0000000100000000)
  eden space 236032K, 100% used [0x00000000d5580000,0x00000000e3c00000,0x00000000e3c00000)
  from space 20480K, 82% used [0x00000000e5500000,0x00000000e6574128,0x00000000e6900000)
  to   space 23040K, 0% used [0x00000000e3c00000,0x00000000e3c00000,0x00000000e5280000)
 ParOldGen       total 108032K, used 37977K [0x0000000080000000, 0x0000000086980000, 0x00000000d5580000)
  object space 108032K, 35% used [0x0000000080000000,0x00000000825167a8,0x0000000086980000)
 Metaspace       used 74663K, capacity 78036K, committed 78232K, reserved 1116160K
  class space    used 9988K, capacity 10619K, committed 10672K, reserved 1048576K
Event: 18.859 GC heap after
Heap after GC invocations=16 (full 3):
 PSYoungGen      total 259072K, used 23035K [0x00000000d5580000, 0x00000000eab00000, 0x0000000100000000)
  eden space 236032K, 0% used [0x00000000d5580000,0x00000000d5580000,0x00000000e3c00000)
  from space 23040K, 99% used [0x00000000e3c00000,0x00000000e527ec80,0x00000000e5280000)
  to   space 29696K, 0% used [0x00000000e8e00000,0x00000000e8e00000,0x00000000eab00000)
 ParOldGen       total 108032K, used 46017K [0x0000000080000000, 0x0000000086980000, 0x00000000d5580000)
  object space 108032K, 42% used [0x0000000080000000,0x0000000082cf0618,0x0000000086980000)
 Metaspace       used 74663K, capacity 78036K, committed 78232K, reserved 1116160K
  class space    used 9988K, capacity 10619K, committed 10672K, reserved 1048576K
}
Event: 20.224 GC heap before
{Heap before GC invocations=17 (full 3):
 PSYoungGen      total 259072K, used 259067K [0x00000000d5580000, 0x00000000eab00000, 0x0000000100000000)
  eden space 236032K, 100% used [0x00000000d5580000,0x00000000e3c00000,0x00000000e3c00000)
  from space 23040K, 99% used [0x00000000e3c00000,0x00000000e527ec80,0x00000000e5280000)
  to   space 29696K, 0% used [0x00000000e8e00000,0x00000000e8e00000,0x00000000eab00000)
 ParOldGen       total 108032K, used 46017K [0x0000000080000000, 0x0000000086980000, 0x00000000d5580000)
  object space 108032K, 42% used [0x0000000080000000,0x0000000082cf0618,0x0000000086980000)
 Metaspace       used 84051K, capacity 88486K, committed 88600K, reserved 1126400K
  class space    used 11406K, capacity 12234K, committed 12336K, reserved 1048576K
Event: 20.281 GC heap after
Heap after GC invocations=17 (full 3):
 PSYoungGen      total 298496K, used 29678K [0x00000000d5580000, 0x00000000ed980000, 0x0000000100000000)
  eden space 268800K, 0% used [0x00000000d5580000,0x00000000d5580000,0x00000000e5c00000)
  from space 29696K, 99% used [0x00000000e8e00000,0x00000000eaafb818,0x00000000eab00000)
  to   space 51200K, 0% used [0x00000000e5c00000,0x00000000e5c00000,0x00000000e8e00000)
 ParOldGen       total 108032K, used 92197K [0x0000000080000000, 0x0000000086980000, 0x00000000d5580000)
  object space 108032K, 85% used [0x0000000080000000,0x0000000085a09728,0x0000000086980000)
 Metaspace       used 84051K, capacity 88486K, committed 88600K, reserved 1126400K
  class space    used 11406K, capacity 12234K, committed 12336K, reserved 1048576K
}
Event: 20.281 GC heap before
{Heap before GC invocations=18 (full 4):
 PSYoungGen      total 298496K, used 29678K [0x00000000d5580000, 0x00000000ed980000, 0x0000000100000000)
  eden space 268800K, 0% used [0x00000000d5580000,0x00000000d5580000,0x00000000e5c00000)
  from space 29696K, 99% used [0x00000000e8e00000,0x00000000eaafb818,0x00000000eab00000)
  to   space 51200K, 0% used [0x00000000e5c00000,0x00000000e5c00000,0x00000000e8e00000)
 ParOldGen       total 108032K, used 92197K [0x0000000080000000, 0x0000000086980000, 0x00000000d5580000)
  object space 108032K, 85% used [0x0000000080000000,0x0000000085a09728,0x0000000086980000)
 Metaspace       used 84051K, capacity 88486K, committed 88600K, reserved 1126400K
  class space    used 11406K, capacity 12234K, committed 12336K, reserved 1048576K
Event: 20.567 GC heap after
Heap after GC invocations=18 (full 4):
 PSYoungGen      total 298496K, used 0K [0x00000000d5580000, 0x00000000ed980000, 0x0000000100000000)
  eden space 268800K, 0% used [0x00000000d5580000,0x00000000d5580000,0x00000000e5c00000)
  from space 29696K, 0% used [0x00000000e8e00000,0x00000000e8e00000,0x00000000eab00000)
  to   space 51200K, 0% used [0x00000000e5c00000,0x00000000e5c00000,0x00000000e8e00000)
 ParOldGen       total 206848K, used 98285K [0x0000000080000000, 0x000000008ca00000, 0x00000000d5580000)
  object space 206848K, 47% used [0x0000000080000000,0x0000000085ffb558,0x000000008ca00000)
 Metaspace       used 83663K, capacity 87396K, committed 88600K, reserved 1126400K
  class space    used 11280K, capacity 12011K, committed 12336K, reserved 1048576K
}

