# JRE version: OpenJDK Runtime Environment (8.0_242-b01) (build 1.8.0_242-release-1644-b01)
# Java VM: OpenJDK 64-Bit Server VM (25.242-b01 mixed mode windows-amd64 compressed oops)
Heap:
 PSYoungGen      total 294400K, used 276749K [0x00000000d5580000, 0x00000000e9400000, 0x0000000100000000)
  eden space 269824K, 96% used [0x00000000d5580000,0x00000000e52c8f18,0x00000000e5d00000)
  from space 24576K, 70% used [0x00000000e7c00000,0x00000000e8cfa790,0x00000000e9400000)
  to   space 28160K, 0% used [0x00000000e5d00000,0x00000000e5d00000,0x00000000e7880000)
 ParOldGen       total 112128K, used 59338K [0x0000000080000000, 0x0000000086d80000, 0x00000000d5580000)
  object space 112128K, 52% used [0x0000000080000000,0x00000000839f2b90,0x0000000086d80000)
 Metaspace       used 89897K, capacity 95510K, committed 95768K, reserved 1132544K
  class space    used 12400K, capacity 13348K, committed 13360K, reserved 1048576K
GC Heap History (10 events):
Event: 7.014 GC heap before
{Heap before GC invocations=13 (full 2):
 PSYoungGen      total 188928K, used 160186K [0x00000000d5580000, 0x00000000e2480000, 0x0000000100000000)
  eden space 175104K, 83% used [0x00000000d5580000,0x00000000de470788,0x00000000e0080000)
  from space 13824K, 99% used [0x00000000e1700000,0x00000000e247e1e8,0x00000000e2480000)
  to   space 15872K, 0% used [0x00000000e0580000,0x00000000e0580000,0x00000000e1500000)
 ParOldGen       total 74752K, used 20752K [0x0000000080000000, 0x0000000084900000, 0x00000000d5580000)
  object space 74752K, 27% used [0x0000000080000000,0x0000000081444378,0x0000000084900000)
 Metaspace       used 57116K, capacity 59092K, committed 59160K, reserved 1099776K
  class space    used 7763K, capacity 8211K, committed 8240K, reserved 1048576K
Event: 7.032 GC heap after
Heap after GC invocations=13 (full 2):
 PSYoungGen      total 196096K, used 15850K [0x00000000d5580000, 0x00000000e6300000, 0x0000000100000000)
  eden space 180224K, 0% used [0x00000000d5580000,0x00000000d5580000,0x00000000e0580000)
  from space 15872K, 99% used [0x00000000e0580000,0x00000000e14fa9c0,0x00000000e1500000)
  to   space 21504K, 0% used [0x00000000e4e00000,0x00000000e4e00000,0x00000000e6300000)
 ParOldGen       total 74752K, used 29896K [0x0000000080000000, 0x0000000084900000, 0x00000000d5580000)
  object space 74752K, 39% used [0x0000000080000000,0x0000000081d322a8,0x0000000084900000)
 Metaspace       used 57116K, capacity 59092K, committed 59160K, reserved 1099776K
  class space    used 7763K, capacity 8211K, committed 8240K, reserved 1048576K
}
Event: 7.032 GC heap before
{Heap before GC invocations=14 (full 3):
 PSYoungGen      total 196096K, used 15850K [0x00000000d5580000, 0x00000000e6300000, 0x0000000100000000)
  eden space 180224K, 0% used [0x00000000d5580000,0x00000000d5580000,0x00000000e0580000)
  from space 15872K, 99% used [0x00000000e0580000,0x00000000e14fa9c0,0x00000000e1500000)
  to   space 21504K, 0% used [0x00000000e4e00000,0x00000000e4e00000,0x00000000e6300000)
 ParOldGen       total 74752K, used 29896K [0x0000000080000000, 0x0000000084900000, 0x00000000d5580000)
  object space 74752K, 39% used [0x0000000080000000,0x0000000081d322a8,0x0000000084900000)
 Metaspace       used 57116K, capacity 59092K, committed 59160K, reserved 1099776K
  class space    used 7763K, capacity 8211K, committed 8240K, reserved 1048576K
Event: 7.177 GC heap after
Heap after GC invocations=14 (full 3):
 PSYoungGen      total 196096K, used 0K [0x00000000d5580000, 0x00000000e6300000, 0x0000000100000000)
  eden space 180224K, 0% used [0x00000000d5580000,0x00000000d5580000,0x00000000e0580000)
  from space 15872K, 0% used [0x00000000e0580000,0x00000000e0580000,0x00000000e1500000)
  to   space 21504K, 0% used [0x00000000e4e00000,0x00000000e4e00000,0x00000000e6300000)
 ParOldGen       total 112128K, used 37846K [0x0000000080000000, 0x0000000086d80000, 0x00000000d5580000)
  object space 112128K, 33% used [0x0000000080000000,0x00000000824f58b8,0x0000000086d80000)
 Metaspace       used 57083K, capacity 58978K, committed 59160K, reserved 1099776K
  class space    used 7753K, capacity 8192K, committed 8240K, reserved 1048576K
}
Event: 8.674 GC heap before
{Heap before GC invocations=15 (full 3):
 PSYoungGen      total 196096K, used 180224K [0x00000000d5580000, 0x00000000e6300000, 0x0000000100000000)
  eden space 180224K, 100% used [0x00000000d5580000,0x00000000e0580000,0x00000000e0580000)
  from space 15872K, 0% used [0x00000000e0580000,0x00000000e0580000,0x00000000e1500000)
  to   space 21504K, 0% used [0x00000000e4e00000,0x00000000e4e00000,0x00000000e6300000)
 ParOldGen       total 112128K, used 37846K [0x0000000080000000, 0x0000000086d80000, 0x00000000d5580000)
  object space 112128K, 33% used [0x0000000080000000,0x00000000824f58b8,0x0000000086d80000)
 Metaspace       used 64260K, capacity 67654K, committed 67992K, reserved 1107968K
  class space    used 8888K, capacity 9522K, committed 9648K, reserved 1048576K
Event: 8.686 GC heap after
Heap after GC invocations=15 (full 3):
 PSYoungGen      total 243200K, used 16175K [0x00000000d5580000, 0x00000000e5f00000, 0x0000000100000000)
  eden space 225792K, 0% used [0x00000000d5580000,0x00000000d5580000,0x00000000e3200000)
  from space 17408K, 92% used [0x00000000e4e00000,0x00000000e5dcbf88,0x00000000e5f00000)
  to   space 23040K, 0% used [0x00000000e3200000,0x00000000e3200000,0x00000000e4880000)
 ParOldGen       total 112128K, used 37854K [0x0000000080000000, 0x0000000086d80000, 0x00000000d5580000)
  object space 112128K, 33% used [0x0000000080000000,0x00000000824f78b8,0x0000000086d80000)
 Metaspace       used 64260K, capacity 67654K, committed 67992K, reserved 1107968K
  class space    used 8888K, capacity 9522K, committed 9648K, reserved 1048576K
}
Event: 20.214 GC heap before
{Heap before GC invocations=16 (full 3):
 PSYoungGen      total 243200K, used 241967K [0x00000000d5580000, 0x00000000e5f00000, 0x0000000100000000)
  eden space 225792K, 100% used [0x00000000d5580000,0x00000000e3200000,0x00000000e3200000)
  from space 17408K, 92% used [0x00000000e4e00000,0x00000000e5dcbf88,0x00000000e5f00000)
  to   space 23040K, 0% used [0x00000000e3200000,0x00000000e3200000,0x00000000e4880000)
 ParOldGen       total 112128K, used 37854K [0x0000000080000000, 0x0000000086d80000, 0x00000000d5580000)
  object space 112128K, 33% used [0x0000000080000000,0x00000000824f78b8,0x0000000086d80000)
 Metaspace       used 73636K, capacity 77312K, committed 77336K, reserved 1116160K
  class space    used 10087K, capacity 10793K, committed 10800K, reserved 1048576K
Event: 20.239 GC heap after
Heap after GC invocations=16 (full 3):
 PSYoungGen      total 248832K, used 23022K [0x00000000d5580000, 0x00000000e9700000, 0x0000000100000000)
  eden space 225792K, 0% used [0x00000000d5580000,0x00000000d5580000,0x00000000e3200000)
  from space 23040K, 99% used [0x00000000e3200000,0x00000000e487b8c0,0x00000000e4880000)
  to   space 27648K, 0% used [0x00000000e7c00000,0x00000000e7c00000,0x00000000e9700000)
 ParOldGen       total 112128K, used 41641K [0x0000000080000000, 0x0000000086d80000, 0x00000000d5580000)
  object space 112128K, 37% used [0x0000000080000000,0x00000000828aa770,0x0000000086d80000)
 Metaspace       used 73636K, capacity 77312K, committed 77336K, reserved 1116160K
  class space    used 10087K, capacity 10793K, committed 10800K, reserved 1048576K
}
Event: 23.291 GC heap before
{Heap before GC invocations=17 (full 3):
 PSYoungGen      total 248832K, used 248628K [0x00000000d5580000, 0x00000000e9700000, 0x0000000100000000)
  eden space 225792K, 99% used [0x00000000d5580000,0x00000000e31d1b00,0x00000000e3200000)
  from space 23040K, 99% used [0x00000000e3200000,0x00000000e487b8c0,0x00000000e4880000)
  to   space 27648K, 0% used [0x00000000e7c00000,0x00000000e7c00000,0x00000000e9700000)
 ParOldGen       total 112128K, used 41641K [0x0000000080000000, 0x0000000086d80000, 0x00000000d5580000)
  object space 112128K, 37% used [0x0000000080000000,0x00000000828aa770,0x0000000086d80000)
 Metaspace       used 81391K, capacity 85466K, committed 85528K, reserved 1122304K
  class space    used 11090K, capacity 11800K, committed 11824K, reserved 1048576K
Event: 23.317 GC heap after
Heap after GC invocations=17 (full 3):
 PSYoungGen      total 294400K, used 17385K [0x00000000d5580000, 0x00000000e9400000, 0x0000000100000000)
  eden space 269824K, 0% used [0x00000000d5580000,0x00000000d5580000,0x00000000e5d00000)
  from space 24576K, 70% used [0x00000000e7c00000,0x00000000e8cfa790,0x00000000e9400000)
  to   space 28160K, 0% used [0x00000000e5d00000,0x00000000e5d00000,0x00000000e7880000)
 ParOldGen       total 112128K, used 59338K [0x0000000080000000, 0x0000000086d80000, 0x00000000d5580000)
  object space 112128K, 52% used [0x0000000080000000,0x00000000839f2b90,0x0000000086d80000)
 Metaspace       used 81391K, capacity 85466K, committed 85528K, reserved 1122304K
  class space    used 11090K, capacity 11800K, committed 11824K, reserved 1048576K
}

