# JRE version: OpenJDK Runtime Environment (8.0_242-b01) (build 1.8.0_242-release-1644-b01)
# Java VM: OpenJDK 64-Bit Server VM (25.242-b01 mixed mode windows-amd64 compressed oops)
Heap:
 PSYoungGen      total 152064K, used 52466K [0x00000000d5580000, 0x00000000e1f00000, 0x0000000100000000)
  eden space 123392K, 20% used [0x00000000d5580000,0x00000000d6e7a1c0,0x00000000dce00000)
  from space 28672K, 93% used [0x00000000ded80000,0x00000000e07c2920,0x00000000e0980000)
  to   space 32256K, 0% used [0x00000000dce00000,0x00000000dce00000,0x00000000ded80000)
 ParOldGen       total 135168K, used 73979K [0x0000000080000000, 0x0000000088400000, 0x00000000d5580000)
  object space 135168K, 54% used [0x0000000080000000,0x000000008483ef68,0x0000000088400000)
 Metaspace       used 75003K, capacity 78976K, committed 79256K, reserved 1118208K
  class space    used 10310K, capacity 11083K, committed 11184K, reserved 1048576K
GC Heap History (10 events):
Event: 28.016 GC heap before
{Heap before GC invocations=21 (full 3):
 PSYoungGen      total 100352K, used 88064K [0x00000000d5580000, 0x00000000dd300000, 0x0000000100000000)
  eden space 88064K, 100% used [0x00000000d5580000,0x00000000dab80000,0x00000000dab80000)
  from space 12288K, 0% used [0x00000000dab80000,0x00000000dab80000,0x00000000db780000)
  to   space 11776K, 0% used [0x00000000dc780000,0x00000000dc780000,0x00000000dd300000)
 ParOldGen       total 135168K, used 29963K [0x0000000080000000, 0x0000000088400000, 0x00000000d5580000)
  object space 135168K, 22% used [0x0000000080000000,0x0000000081d42fd8,0x0000000088400000)
 Metaspace       used 62035K, capacity 64294K, committed 64664K, reserved 1105920K
  class space    used 8498K, capacity 9016K, committed 9136K, reserved 1048576K
Event: 28.031 GC heap after
Heap after GC invocations=21 (full 3):
 PSYoungGen      total 112128K, used 10511K [0x00000000d5580000, 0x00000000dd200000, 0x0000000100000000)
  eden space 101376K, 0% used [0x00000000d5580000,0x00000000d5580000,0x00000000db880000)
  from space 10752K, 97% used [0x00000000dc780000,0x00000000dd1c3c18,0x00000000dd200000)
  to   space 12800K, 0% used [0x00000000db900000,0x00000000db900000,0x00000000dc580000)
 ParOldGen       total 135168K, used 29971K [0x0000000080000000, 0x0000000088400000, 0x00000000d5580000)
  object space 135168K, 22% used [0x0000000080000000,0x0000000081d44fd8,0x0000000088400000)
 Metaspace       used 62035K, capacity 64294K, committed 64664K, reserved 1105920K
  class space    used 8498K, capacity 9016K, committed 9136K, reserved 1048576K
}
Event: 30.539 GC heap before
{Heap before GC invocations=22 (full 3):
 PSYoungGen      total 112128K, used 111887K [0x00000000d5580000, 0x00000000dd200000, 0x0000000100000000)
  eden space 101376K, 100% used [0x00000000d5580000,0x00000000db880000,0x00000000db880000)
  from space 10752K, 97% used [0x00000000dc780000,0x00000000dd1c3c18,0x00000000dd200000)
  to   space 12800K, 0% used [0x00000000db900000,0x00000000db900000,0x00000000dc580000)
 ParOldGen       total 135168K, used 29971K [0x0000000080000000, 0x0000000088400000, 0x00000000d5580000)
  object space 135168K, 22% used [0x0000000080000000,0x0000000081d44fd8,0x0000000088400000)
 Metaspace       used 64289K, capacity 67076K, committed 67352K, reserved 1107968K
  class space    used 8813K, capacity 9395K, committed 9520K, reserved 1048576K
Event: 30.548 GC heap after
Heap after GC invocations=22 (full 3):
 PSYoungGen      total 114688K, used 12785K [0x00000000d5580000, 0x00000000de280000, 0x0000000100000000)
  eden space 101888K, 0% used [0x00000000d5580000,0x00000000d5580000,0x00000000db900000)
  from space 12800K, 99% used [0x00000000db900000,0x00000000dc57c6d8,0x00000000dc580000)
  to   space 14336K, 0% used [0x00000000dd480000,0x00000000dd480000,0x00000000de280000)
 ParOldGen       total 135168K, used 30389K [0x0000000080000000, 0x0000000088400000, 0x00000000d5580000)
  object space 135168K, 22% used [0x0000000080000000,0x0000000081dad558,0x0000000088400000)
 Metaspace       used 64289K, capacity 67076K, committed 67352K, reserved 1107968K
  class space    used 8813K, capacity 9395K, committed 9520K, reserved 1048576K
}
Event: 56.479 GC heap before
{Heap before GC invocations=23 (full 3):
 PSYoungGen      total 114688K, used 114673K [0x00000000d5580000, 0x00000000de280000, 0x0000000100000000)
  eden space 101888K, 100% used [0x00000000d5580000,0x00000000db900000,0x00000000db900000)
  from space 12800K, 99% used [0x00000000db900000,0x00000000dc57c6d8,0x00000000dc580000)
  to   space 14336K, 0% used [0x00000000dd480000,0x00000000dd480000,0x00000000de280000)
 ParOldGen       total 135168K, used 30389K [0x0000000080000000, 0x0000000088400000, 0x00000000d5580000)
  object space 135168K, 22% used [0x0000000080000000,0x0000000081dad558,0x0000000088400000)
 Metaspace       used 69179K, capacity 72170K, committed 72216K, reserved 1112064K
  class space    used 9424K, capacity 10028K, committed 10032K, reserved 1048576K
Event: 56.494 GC heap after
Heap after GC invocations=23 (full 3):
 PSYoungGen      total 125952K, used 14312K [0x00000000d5580000, 0x00000000de900000, 0x0000000100000000)
  eden space 111616K, 0% used [0x00000000d5580000,0x00000000d5580000,0x00000000dc280000)
  from space 14336K, 99% used [0x00000000dd480000,0x00000000de27a050,0x00000000de280000)
  to   space 18432K, 0% used [0x00000000dc280000,0x00000000dc280000,0x00000000dd480000)
 ParOldGen       total 135168K, used 35801K [0x0000000080000000, 0x0000000088400000, 0x00000000d5580000)
  object space 135168K, 26% used [0x0000000080000000,0x00000000822f67f8,0x0000000088400000)
 Metaspace       used 69179K, capacity 72170K, committed 72216K, reserved 1112064K
  class space    used 9424K, capacity 10028K, committed 10032K, reserved 1048576K
}
Event: 58.926 GC heap before
{Heap before GC invocations=24 (full 3):
 PSYoungGen      total 125952K, used 125928K [0x00000000d5580000, 0x00000000de900000, 0x0000000100000000)
  eden space 111616K, 100% used [0x00000000d5580000,0x00000000dc280000,0x00000000dc280000)
  from space 14336K, 99% used [0x00000000dd480000,0x00000000de27a050,0x00000000de280000)
  to   space 18432K, 0% used [0x00000000dc280000,0x00000000dc280000,0x00000000dd480000)
 ParOldGen       total 135168K, used 35801K [0x0000000080000000, 0x0000000088400000, 0x00000000d5580000)
  object space 135168K, 26% used [0x0000000080000000,0x00000000822f67f8,0x0000000088400000)
 Metaspace       used 73517K, capacity 77326K, committed 77464K, reserved 1116160K
  class space    used 10097K, capacity 10824K, committed 10928K, reserved 1048576K
Event: 58.947 GC heap after
Heap after GC invocations=24 (full 3):
 PSYoungGen      total 130048K, used 18424K [0x00000000d5580000, 0x00000000e0980000, 0x0000000100000000)
  eden space 111616K, 0% used [0x00000000d5580000,0x00000000d5580000,0x00000000dc280000)
  from space 18432K, 99% used [0x00000000dc280000,0x00000000dd47e110,0x00000000dd480000)
  to   space 28672K, 0% used [0x00000000ded80000,0x00000000ded80000,0x00000000e0980000)
 ParOldGen       total 135168K, used 55972K [0x0000000080000000, 0x0000000088400000, 0x00000000d5580000)
  object space 135168K, 41% used [0x0000000080000000,0x00000000836a9038,0x0000000088400000)
 Metaspace       used 73517K, capacity 77326K, committed 77464K, reserved 1116160K
  class space    used 10097K, capacity 10824K, committed 10928K, reserved 1048576K
}
Event: 59.271 GC heap before
{Heap before GC invocations=25 (full 3):
 PSYoungGen      total 130048K, used 130040K [0x00000000d5580000, 0x00000000e0980000, 0x0000000100000000)
  eden space 111616K, 100% used [0x00000000d5580000,0x00000000dc280000,0x00000000dc280000)
  from space 18432K, 99% used [0x00000000dc280000,0x00000000dd47e110,0x00000000dd480000)
  to   space 28672K, 0% used [0x00000000ded80000,0x00000000ded80000,0x00000000e0980000)
 ParOldGen       total 135168K, used 55972K [0x0000000080000000, 0x0000000088400000, 0x00000000d5580000)
  object space 135168K, 41% used [0x0000000080000000,0x00000000836a9038,0x0000000088400000)
 Metaspace       used 74531K, capacity 78354K, committed 78616K, reserved 1116160K
  class space    used 10225K, capacity 10964K, committed 11056K, reserved 1048576K
Event: 59.295 GC heap after
Heap after GC invocations=25 (full 3):
 PSYoungGen      total 152064K, used 26890K [0x00000000d5580000, 0x00000000e1f00000, 0x0000000100000000)
  eden space 123392K, 0% used [0x00000000d5580000,0x00000000d5580000,0x00000000dce00000)
  from space 28672K, 93% used [0x00000000ded80000,0x00000000e07c2920,0x00000000e0980000)
  to   space 32256K, 0% used [0x00000000dce00000,0x00000000dce00000,0x00000000ded80000)
 ParOldGen       total 135168K, used 73979K [0x0000000080000000, 0x0000000088400000, 0x00000000d5580000)
  object space 135168K, 54% used [0x0000000080000000,0x000000008483ef68,0x0000000088400000)
 Metaspace       used 74531K, capacity 78354K, committed 78616K, reserved 1116160K
  class space    used 10225K, capacity 10964K, committed 11056K, reserved 1048576K
}

